<?xml version="1.0" encoding="UTF-8"?>
<!-- Generated by org.testng.reporters.JUnitReportReporter -->
<testsuite skipped="0" hostname="Shekhars-MacBook-Pro.local" name="com.happiestmind.automation.TestCases.GoogleSearchTest" tests="6" failures="0" timestamp="05 May 2017 06:02:12 GMT" time="33.549" errors="0">
  <testcase name="searchGoogle" time="5.429" classname="com.happiestmind.automation.TestCases.GoogleSearchTest"/>
  <testcase name="searchGoogle" time="5.846" classname="com.happiestmind.automation.TestCases.GoogleSearchTest"/>
  <testcase name="searchGoogle" time="5.570" classname="com.happiestmind.automation.TestCases.GoogleSearchTest"/>
  <testcase name="searchGoogle" time="5.710" classname="com.happiestmind.automation.TestCases.GoogleSearchTest"/>
  <testcase name="searchGoogle" time="5.599" classname="com.happiestmind.automation.TestCases.GoogleSearchTest"/>
  <testcase name="searchGoogle" time="5.395" classname="com.happiestmind.automation.TestCases.GoogleSearchTest"/>
</testsuite> <!-- com.happiestmind.automation.TestCases.GoogleSearchTest -->
