<?xml version="1.0" encoding="UTF-8"?>
<!-- Generated by org.testng.reporters.JUnitReportReporter -->
<testsuite skipped="18" hostname="HMECL000220" name="com.happiestmind.automation.suite.wpregression.CancelLoanTest" tests="19" failures="0" timestamp="21 Aug 2017 14:02:14 GMT" time="217.241" errors="0">
  <testcase name="cancelLoan" time="0.203" classname="com.happiestmind.automation.suite.wpregression.CancelLoanTest">
    <skipped/>
  </testcase> <!-- cancelLoan -->
  <testcase name="cancelLoan" time="0.146" classname="com.happiestmind.automation.suite.wpregression.CancelLoanTest">
    <skipped/>
  </testcase> <!-- cancelLoan -->
  <testcase name="cancelLoan" time="0.197" classname="com.happiestmind.automation.suite.wpregression.CancelLoanTest">
    <skipped/>
  </testcase> <!-- cancelLoan -->
  <testcase name="cancelLoan" time="0.190" classname="com.happiestmind.automation.suite.wpregression.CancelLoanTest">
    <skipped/>
  </testcase> <!-- cancelLoan -->
  <testcase name="cancelLoan" time="0.180" classname="com.happiestmind.automation.suite.wpregression.CancelLoanTest">
    <skipped/>
  </testcase> <!-- cancelLoan -->
  <testcase name="cancelLoan" time="0.295" classname="com.happiestmind.automation.suite.wpregression.CancelLoanTest">
    <skipped/>
  </testcase> <!-- cancelLoan -->
  <testcase name="cancelLoan" time="0.173" classname="com.happiestmind.automation.suite.wpregression.CancelLoanTest">
    <skipped/>
  </testcase> <!-- cancelLoan -->
  <testcase name="cancelLoan" time="0.168" classname="com.happiestmind.automation.suite.wpregression.CancelLoanTest">
    <skipped/>
  </testcase> <!-- cancelLoan -->
  <testcase name="cancelLoan" time="0.210" classname="com.happiestmind.automation.suite.wpregression.CancelLoanTest">
    <skipped/>
  </testcase> <!-- cancelLoan -->
  <testcase name="cancelLoan" time="0.169" classname="com.happiestmind.automation.suite.wpregression.CancelLoanTest">
    <skipped/>
  </testcase> <!-- cancelLoan -->
  <testcase name="cancelLoan" time="0.242" classname="com.happiestmind.automation.suite.wpregression.CancelLoanTest">
    <skipped/>
  </testcase> <!-- cancelLoan -->
  <testcase name="cancelLoan" time="0.156" classname="com.happiestmind.automation.suite.wpregression.CancelLoanTest">
    <skipped/>
  </testcase> <!-- cancelLoan -->
  <testcase name="cancelLoan" time="0.843" classname="com.happiestmind.automation.suite.wpregression.CancelLoanTest">
    <skipped/>
  </testcase> <!-- cancelLoan -->
  <testcase name="cancelLoan" time="213.095" classname="com.happiestmind.automation.suite.wpregression.CancelLoanTest"/>
  <testcase name="cancelLoan" time="0.165" classname="com.happiestmind.automation.suite.wpregression.CancelLoanTest">
    <skipped/>
  </testcase> <!-- cancelLoan -->
  <testcase name="cancelLoan" time="0.156" classname="com.happiestmind.automation.suite.wpregression.CancelLoanTest">
    <skipped/>
  </testcase> <!-- cancelLoan -->
  <testcase name="cancelLoan" time="0.340" classname="com.happiestmind.automation.suite.wpregression.CancelLoanTest">
    <skipped/>
  </testcase> <!-- cancelLoan -->
  <testcase name="cancelLoan" time="0.154" classname="com.happiestmind.automation.suite.wpregression.CancelLoanTest">
    <skipped/>
  </testcase> <!-- cancelLoan -->
  <testcase name="cancelLoan" time="0.159" classname="com.happiestmind.automation.suite.wpregression.CancelLoanTest">
    <skipped/>
  </testcase> <!-- cancelLoan -->
</testsuite> <!-- com.happiestmind.automation.suite.wpregression.CancelLoanTest -->
