<?xml version="1.0" encoding="UTF-8"?>
<!-- Generated by org.testng.reporters.JUnitReportReporter -->
<testsuite skipped="0" hostname="Shekhars-MacBook-Pro.local" name="com.happiestmind.automation.TestCases.GoogleSearch" tests="1" failures="0" timestamp="05 May 2017 05:20:39 GMT" time="5.961" errors="0">
  <testcase name="searchGoogle" time="5.961" classname="com.happiestmind.automation.TestCases.GoogleSearch"/>
</testsuite> <!-- com.happiestmind.automation.TestCases.GoogleSearch -->
