<?xml version="1.0" encoding="UTF-8"?>
<!-- Generated by org.testng.reporters.JUnitReportReporter -->
<testsuite skipped="1" hostname="HMECL000220" name="com.happiestmind.automation.suite.clsregression.WPRegistrationTest" tests="1" failures="0" timestamp="24 Jun 2017 14:45:51 GMT" time="0.000" errors="0">
  <testcase name="wpregistrationtest" time="0.000" classname="com.happiestmind.automation.suite.clsregression.WPRegistrationTest">
    <skipped/>
  </testcase> <!-- wpregistrationtest -->
</testsuite> <!-- com.happiestmind.automation.suite.clsregression.WPRegistrationTest -->
